{"level":"info","message":"aplicação funcionando na porta 5000"}
2024-07-29 23:26:02 - [32minfo[39m - [32maplicação funcionando na porta 5000[39m
2024-07-29 23:26:07 - [32minfo[39m - [32maplicação funcionando na porta 5000[39m
2024-07-29 23:26:13 - [32minfo[39m - [32maplicação funcionando na porta 5000[39m
2024-07-29 23:26:16 - [32minfo[39m - [32maplicação funcionando na porta 5000[39m
2024-07-29 23:34:27 - [32minfo[39m - [32maplicação funcionando na porta 5000[39m
2024-07-29 23:34:29 - [32minfo[39m - [32mconectou ao banco![39m
2024-07-29 23:34:29 - [32minfo[39m - [32maplicação funcionando na porta 5000[39m
2024-07-29 23:59:57 - [32minfo[39m - [32maplicação funcionando na porta 5000[39m
2024-07-30 00:00:05 - [32minfo[39m - [32mconectou ao banco![39m
2024-07-30 00:00:05 - [32minfo[39m - [32maplicação funcionando na porta 5000[39m
2024-07-30 00:00:38 - [32minfo[39m - [32mconectou ao banco![39m
2024-07-30 00:00:38 - [32minfo[39m - [32maplicação funcionando na porta 5000[39m
2024-07-30 00:01:17 - [32minfo[39m - [32mconectou ao banco![39m
2024-07-30 00:01:17 - [32minfo[39m - [32maplicação funcionando na porta 5000[39m
2024-07-30 00:01:43 - [32minfo[39m - [32mconectou ao banco![39m
2024-07-30 00:01:43 - [32minfo[39m - [32maplicação funcionando na porta 5000[39m
2024-07-30 00:01:47 - [31merror[39m - [31merro[39m
2024-07-30 00:01:47 - [31merror[39m - [31mError: querySrv ENOTFOUND _mongodb._tcp.cluster0.skapd78.mongodb1.net[39m
2024-07-30 00:01:47 - [32minfo[39m - [32maplicação funcionando na porta 5000[39m
2024-07-30 00:01:52 - [32minfo[39m - [32mconectou ao banco![39m
2024-07-30 00:01:52 - [32minfo[39m - [32maplicação funcionando na porta 5000[39m
2024-07-30 00:06:41 - [32minfo[39m - [32mconectou ao banco![39m
2024-07-30 00:06:41 - [32minfo[39m - [32maplicação funcionando na porta 5000[39m
2024-07-30 10:21:42 - [32minfo[39m - [32mconectou ao banco![39m
2024-07-30 10:21:42 - [32minfo[39m - [32maplicação funcionando na porta 5000[39m
2024-07-30 10:22:13 - [32minfo[39m - [32mconectou ao banco![39m
2024-07-30 10:22:13 - [32minfo[39m - [32maplicação funcionando na porta 5000[39m
2024-07-30 10:22:15 - [32minfo[39m - [32mconectou ao banco![39m
2024-07-30 10:22:15 - [32minfo[39m - [32maplicação funcionando na porta 5000[39m
2024-07-30 10:22:33 - [35mhttp[39m - [35mGET /api/teste 200 15 - 2.025 ms[39m
[35m[39m
2024-07-30 10:45:35 - [32minfo[39m - [32mconectou ao banco![39m
2024-07-30 10:45:35 - [32minfo[39m - [32maplicação funcionando na porta 5000[39m
2024-07-30 10:45:37 - [32minfo[39m - [32mconectou ao banco![39m
2024-07-30 10:45:37 - [32minfo[39m - [32maplicação funcionando na porta 5000[39m
2024-07-30 10:45:40 - [32minfo[39m - [32mconectou ao banco![39m
2024-07-30 10:45:40 - [32minfo[39m - [32maplicação funcionando na porta 5000[39m
2024-07-30 10:45:41 - [32minfo[39m - [32mconectou ao banco![39m
2024-07-30 10:45:41 - [32minfo[39m - [32maplicação funcionando na porta 5000[39m
2024-07-30 10:45:44 - [32minfo[39m - [32mconectou ao banco![39m
2024-07-30 10:45:44 - [32minfo[39m - [32maplicação funcionando na porta 5000[39m
2024-07-30 10:47:20 - [35mhttp[39m - [35mPOST /api//api/filme 404 154 - 4.290 ms[39m
[35m[39m
2024-07-30 10:47:29 - [35mhttp[39m - [35mPOST /api//filme 200 10 - 1.818 ms[39m
[35m[39m
2024-07-30 10:51:32 - [32minfo[39m - [32mconectou ao banco![39m
2024-07-30 10:51:32 - [32minfo[39m - [32maplicação funcionando na porta 5000[39m
2024-07-31 10:07:28 - [32minfo[39m - [32mconectou ao banco![39m
2024-07-31 10:07:28 - [32minfo[39m - [32maplicação funcionando na porta 5000[39m
2024-07-31 10:07:37 - [32minfo[39m - [32mconectou ao banco![39m
2024-07-31 10:07:37 - [32minfo[39m - [32maplicação funcionando na porta 5000[39m
2024-07-31 10:07:51 - [32minfo[39m - [32mconectou ao banco![39m
2024-07-31 10:07:51 - [32minfo[39m - [32maplicação funcionando na porta 5000[39m
2024-07-31 10:08:12 - [32minfo[39m - [32mconectou ao banco![39m
2024-07-31 10:08:12 - [32minfo[39m - [32maplicação funcionando na porta 5000[39m
2024-07-31 10:08:15 - [32minfo[39m - [32mconectou ao banco![39m
2024-07-31 10:08:15 - [32minfo[39m - [32maplicação funcionando na porta 5000[39m
2024-07-31 10:08:19 - [32minfo[39m - [32mconectou ao banco![39m
2024-07-31 10:08:19 - [32minfo[39m - [32maplicação funcionando na porta 5000[39m
2024-07-31 10:08:29 - [32minfo[39m - [32mconectou ao banco![39m
2024-07-31 10:08:29 - [32minfo[39m - [32maplicação funcionando na porta 5000[39m
2024-07-31 10:08:38 - [32minfo[39m - [32mconectou ao banco![39m
2024-07-31 10:08:38 - [32minfo[39m - [32maplicação funcionando na porta 5000[39m
2024-07-31 10:08:44 - [32minfo[39m - [32mconectou ao banco![39m
2024-07-31 10:08:44 - [32minfo[39m - [32maplicação funcionando na porta 5000[39m
2024-07-31 10:08:48 - [32minfo[39m - [32mconectou ao banco![39m
2024-07-31 10:08:48 - [32minfo[39m - [32maplicação funcionando na porta 5000[39m
2024-07-31 10:08:53 - [32minfo[39m - [32mconectou ao banco![39m
2024-07-31 10:08:53 - [32minfo[39m - [32maplicação funcionando na porta 5000[39m
2024-07-31 10:08:58 - [32minfo[39m - [32mconectou ao banco![39m
2024-07-31 10:08:58 - [32minfo[39m - [32maplicação funcionando na porta 5000[39m
2024-07-31 10:09:00 - [32minfo[39m - [32mconectou ao banco![39m
2024-07-31 10:09:00 - [32minfo[39m - [32maplicação funcionando na porta 5000[39m
2024-07-31 10:09:03 - [32minfo[39m - [32mconectou ao banco![39m
2024-07-31 10:09:03 - [32minfo[39m - [32maplicação funcionando na porta 5000[39m
2024-07-31 10:09:10 - [32minfo[39m - [32mconectou ao banco![39m
2024-07-31 10:09:10 - [32minfo[39m - [32maplicação funcionando na porta 5000[39m
2024-07-31 10:09:12 - [32minfo[39m - [32mconectou ao banco![39m
2024-07-31 10:09:12 - [32minfo[39m - [32maplicação funcionando na porta 5000[39m
2024-07-31 10:09:22 - [32minfo[39m - [32mconectou ao banco![39m
2024-07-31 10:09:22 - [32minfo[39m - [32maplicação funcionando na porta 5000[39m
2024-07-31 10:09:25 - [32minfo[39m - [32mconectou ao banco![39m
2024-07-31 10:09:25 - [32minfo[39m - [32maplicação funcionando na porta 5000[39m
2024-07-31 10:09:31 - [32minfo[39m - [32mconectou ao banco![39m
2024-07-31 10:09:31 - [32minfo[39m - [32maplicação funcionando na porta 5000[39m
2024-07-31 10:10:08 - [35mhttp[39m - [35mPOST /api//filme 201 134 - 105.693 ms[39m
[35m[39m
2024-07-31 10:10:30 - [35mhttp[39m - [35mPOST /api//filme 201 134 - 29.897 ms[39m
[35m[39m
2024-07-31 10:11:22 - [35mhttp[39m - [35mPOST /api//filme 201 159 - 27.373 ms[39m
[35m[39m
2024-07-31 10:14:09 - [35mhttp[39m - [35mPOST /api//filme 201 164 - 31.698 ms[39m
[35m[39m
2024-07-31 10:30:02 - [32minfo[39m - [32mconectou ao banco![39m
2024-07-31 10:30:02 - [32minfo[39m - [32maplicação funcionando na porta 5000[39m
2024-07-31 10:30:34 - [32minfo[39m - [32mconectou ao banco![39m
2024-07-31 10:30:34 - [32minfo[39m - [32maplicação funcionando na porta 5000[39m
2024-07-31 10:30:45 - [32minfo[39m - [32mconectou ao banco![39m
2024-07-31 10:30:45 - [32minfo[39m - [32maplicação funcionando na porta 5000[39m
2024-07-31 10:32:23 - [35mhttp[39m - [35mPOST /api//filme 201 157 - 39.291 ms[39m
[35m[39m
2024-07-31 10:35:01 - [32minfo[39m - [32mconectou ao banco![39m
2024-07-31 10:35:01 - [32minfo[39m - [32maplicação funcionando na porta 5000[39m
2024-07-31 10:35:15 - [35mhttp[39m - [35mPOST /api//filme 422 46 - 4.173 ms[39m
[35m[39m
2024-07-31 10:35:51 - [32minfo[39m - [32mconectou ao banco![39m
2024-07-31 10:35:51 - [32minfo[39m - [32maplicação funcionando na porta 5000[39m
2024-07-31 10:35:58 - [32minfo[39m - [32mconectou ao banco![39m
2024-07-31 10:35:58 - [32minfo[39m - [32maplicação funcionando na porta 5000[39m
2024-07-31 10:36:08 - [32minfo[39m - [32mconectou ao banco![39m
2024-07-31 10:36:08 - [32minfo[39m - [32maplicação funcionando na porta 5000[39m
2024-07-31 10:36:15 - [32minfo[39m - [32mconectou ao banco![39m
2024-07-31 10:36:15 - [32minfo[39m - [32maplicação funcionando na porta 5000[39m
2024-07-31 10:36:19 - [32minfo[39m - [32mconectou ao banco![39m
2024-07-31 10:36:19 - [32minfo[39m - [32maplicação funcionando na porta 5000[39m
2024-07-31 10:36:21 - [32minfo[39m - [32mconectou ao banco![39m
2024-07-31 10:36:21 - [32minfo[39m - [32maplicação funcionando na porta 5000[39m
2024-07-31 10:36:26 - [35mhttp[39m - [35mPOST /api//filme 422 60 - 4.066 ms[39m
[35m[39m
2024-07-31 10:36:55 - [32minfo[39m - [32mconectou ao banco![39m
2024-07-31 10:36:55 - [32minfo[39m - [32maplicação funcionando na porta 5000[39m
2024-07-31 10:37:01 - [32minfo[39m - [32mconectou ao banco![39m
2024-07-31 10:37:01 - [32minfo[39m - [32maplicação funcionando na porta 5000[39m
2024-07-31 10:37:03 - [32minfo[39m - [32mconectou ao banco![39m
2024-07-31 10:37:03 - [32minfo[39m - [32maplicação funcionando na porta 5000[39m
2024-07-31 10:37:08 - [32minfo[39m - [32mconectou ao banco![39m
2024-07-31 10:37:08 - [32minfo[39m - [32maplicação funcionando na porta 5000[39m
2024-07-31 10:37:11 - [32minfo[39m - [32mconectou ao banco![39m
2024-07-31 10:37:11 - [32minfo[39m - [32maplicação funcionando na porta 5000[39m
2024-07-31 10:37:18 - [32minfo[39m - [32mconectou ao banco![39m
2024-07-31 10:37:18 - [32minfo[39m - [32maplicação funcionando na porta 5000[39m
2024-07-31 10:37:26 - [32minfo[39m - [32mconectou ao banco![39m
2024-07-31 10:37:26 - [32minfo[39m - [32maplicação funcionando na porta 5000[39m
2024-07-31 10:37:30 - [32minfo[39m - [32mconectou ao banco![39m
2024-07-31 10:37:30 - [32minfo[39m - [32maplicação funcionando na porta 5000[39m
2024-07-31 10:37:53 - [35mhttp[39m - [35mPOST /api//filme 201 166 - 194.325 ms[39m
[35m[39m
2024-07-31 10:38:23 - [32minfo[39m - [32mconectou ao banco![39m
2024-07-31 10:38:23 - [32minfo[39m - [32maplicação funcionando na porta 5000[39m
2024-07-31 10:38:25 - [32minfo[39m - [32mconectou ao banco![39m
2024-07-31 10:38:25 - [32minfo[39m - [32maplicação funcionando na porta 5000[39m
2024-07-31 10:39:01 - [32minfo[39m - [32mconectou ao banco![39m
2024-07-31 10:39:01 - [32minfo[39m - [32maplicação funcionando na porta 5000[39m
2024-07-31 10:39:04 - [32minfo[39m - [32mconectou ao banco![39m
2024-07-31 10:39:04 - [32minfo[39m - [32maplicação funcionando na porta 5000[39m
2024-07-31 10:39:08 - [32minfo[39m - [32mconectou ao banco![39m
2024-07-31 10:39:08 - [32minfo[39m - [32maplicação funcionando na porta 5000[39m
2024-07-31 10:39:16 - [32minfo[39m - [32mconectou ao banco![39m
2024-07-31 10:39:16 - [32minfo[39m - [32maplicação funcionando na porta 5000[39m
2024-07-31 10:39:30 - [32minfo[39m - [32mconectou ao banco![39m
2024-07-31 10:39:30 - [32minfo[39m - [32maplicação funcionando na porta 5000[39m
2024-07-31 10:39:37 - [32minfo[39m - [32mconectou ao banco![39m
2024-07-31 10:39:37 - [32minfo[39m - [32maplicação funcionando na porta 5000[39m
2024-07-31 10:39:40 - [32minfo[39m - [32mconectou ao banco![39m
2024-07-31 10:39:40 - [32minfo[39m - [32maplicação funcionando na porta 5000[39m
2024-07-31 10:39:42 - [32minfo[39m - [32mconectou ao banco![39m
2024-07-31 10:39:42 - [32minfo[39m - [32maplicação funcionando na porta 5000[39m
2024-07-31 10:39:45 - [35mhttp[39m - [35mPOST /api//filme 422 55 - 4.588 ms[39m
[35m[39m
2024-07-31 10:40:02 - [32minfo[39m - [32mconectou ao banco![39m
2024-07-31 10:40:02 - [32minfo[39m - [32maplicação funcionando na porta 5000[39m
2024-07-31 10:40:06 - [32minfo[39m - [32mconectou ao banco![39m
2024-07-31 10:40:06 - [32minfo[39m - [32maplicação funcionando na porta 5000[39m
2024-07-31 10:41:06 - [32minfo[39m - [32mconectou ao banco![39m
2024-07-31 10:41:06 - [32minfo[39m - [32maplicação funcionando na porta 5000[39m
2024-07-31 10:41:24 - [32minfo[39m - [32mconectou ao banco![39m
2024-07-31 10:41:24 - [32minfo[39m - [32maplicação funcionando na porta 5000[39m
2024-07-31 10:41:30 - [32minfo[39m - [32mconectou ao banco![39m
2024-07-31 10:41:30 - [32minfo[39m - [32maplicação funcionando na porta 5000[39m
2024-07-31 10:41:33 - [32minfo[39m - [32mconectou ao banco![39m
2024-07-31 10:41:33 - [32minfo[39m - [32maplicação funcionando na porta 5000[39m
2024-07-31 10:41:36 - [32minfo[39m - [32mconectou ao banco![39m
2024-07-31 10:41:36 - [32minfo[39m - [32maplicação funcionando na porta 5000[39m
2024-07-31 10:41:40 - [32minfo[39m - [32mconectou ao banco![39m
2024-07-31 10:41:40 - [32minfo[39m - [32maplicação funcionando na porta 5000[39m
2024-07-31 10:41:47 - [32minfo[39m - [32mconectou ao banco![39m
2024-07-31 10:41:47 - [32minfo[39m - [32maplicação funcionando na porta 5000[39m
2024-07-31 10:41:51 - [35mhttp[39m - [35mPOST /api//filme 422 49 - 5.468 ms[39m
[35m[39m
2024-07-31 10:42:05 - [35mhttp[39m - [35mPOST /api//filme 201 187 - 39.539 ms[39m
[35m[39m
2024-07-31 10:42:26 - [32minfo[39m - [32mconectou ao banco![39m
2024-07-31 10:42:26 - [32minfo[39m - [32maplicação funcionando na porta 5000[39m
2024-07-31 10:42:34 - [32minfo[39m - [32mconectou ao banco![39m
2024-07-31 10:42:34 - [32minfo[39m - [32maplicação funcionando na porta 5000[39m
2024-07-31 10:42:41 - [32minfo[39m - [32mconectou ao banco![39m
2024-07-31 10:42:41 - [32minfo[39m - [32maplicação funcionando na porta 5000[39m
2024-07-31 10:42:51 - [32minfo[39m - [32mconectou ao banco![39m
2024-07-31 10:42:51 - [32minfo[39m - [32maplicação funcionando na porta 5000[39m
2024-07-31 10:42:55 - [32minfo[39m - [32mconectou ao banco![39m
2024-07-31 10:42:55 - [32minfo[39m - [32maplicação funcionando na porta 5000[39m
2024-07-31 10:43:01 - [35mhttp[39m - [35mPOST /api//filme 422 60 - 5.577 ms[39m
[35m[39m
2024-07-31 10:43:11 - [35mhttp[39m - [35mPOST /api//filme 201 207 - 41.722 ms[39m
[35m[39m
2024-07-31 10:43:30 - [32minfo[39m - [32mconectou ao banco![39m
2024-07-31 10:43:30 - [32minfo[39m - [32maplicação funcionando na porta 5000[39m
2024-07-31 10:43:32 - [32minfo[39m - [32mconectou ao banco![39m
2024-07-31 10:43:32 - [32minfo[39m - [32maplicação funcionando na porta 5000[39m
2024-07-31 10:43:39 - [32minfo[39m - [32mconectou ao banco![39m
2024-07-31 10:43:39 - [32minfo[39m - [32maplicação funcionando na porta 5000[39m
2024-07-31 10:43:44 - [32minfo[39m - [32mconectou ao banco![39m
2024-07-31 10:43:44 - [32minfo[39m - [32maplicação funcionando na porta 5000[39m
2024-07-31 10:43:50 - [32minfo[39m - [32mconectou ao banco![39m
2024-07-31 10:43:50 - [32minfo[39m - [32maplicação funcionando na porta 5000[39m
2024-07-31 10:44:01 - [32minfo[39m - [32mconectou ao banco![39m
2024-07-31 10:44:01 - [32minfo[39m - [32maplicação funcionando na porta 5000[39m
2024-07-31 10:44:10 - [32minfo[39m - [32mconectou ao banco![39m
2024-07-31 10:44:10 - [32minfo[39m - [32maplicação funcionando na porta 5000[39m
